# JRE version: OpenJDK Runtime Environment (8.0_222-b10) (build 1.8.0_222-8u222-b10-1ubuntu1~18.04.1-b10)
# Java VM: OpenJDK 64-Bit Server VM (25.222-b10 mixed mode linux-amd64 compressed oops)
Heap:
 PSYoungGen      total 149504K, used 80264K [0x00000000f0000000, 0x0000000100000000, 0x0000000100000000)
  eden space 90112K, 23% used [0x00000000f0000000,0x00000000f14cfb88,0x00000000f5800000)
  from space 59392K, 99% used [0x00000000f5800000,0x00000000f9192868,0x00000000f9200000)
  to   space 87040K, 0% used [0x00000000fab00000,0x00000000fab00000,0x0000000100000000)
 ParOldGen       total 524288K, used 99450K [0x00000000d0000000, 0x00000000f0000000, 0x00000000f0000000)
  object space 524288K, 18% used [0x00000000d0000000,0x00000000d611eac8,0x00000000f0000000)
 Metaspace       used 75820K, capacity 79818K, committed 79872K, reserved 1118208K
  class space    used 9478K, capacity 10711K, committed 10752K, reserved 1048576K
GC Heap History (10 events):
Event: 51.600 GC heap before
{Heap before GC invocations=34 (full 3):
 PSYoungGen      total 199680K, used 190571K [0x00000000f0000000, 0x0000000100000000, 0x0000000100000000)
  eden space 146432K, 100% used [0x00000000f0000000,0x00000000f8f00000,0x00000000f8f00000)
  from space 53248K, 82% used [0x00000000fcc00000,0x00000000ff71af98,0x0000000100000000)
  to   space 57856K, 0% used [0x00000000f8f00000,0x00000000f8f00000,0x00000000fc780000)
 ParOldGen       total 524288K, used 94857K [0x00000000d0000000, 0x00000000f0000000, 0x00000000f0000000)
  object space 524288K, 18% used [0x00000000d0000000,0x00000000d5ca27e0,0x00000000f0000000)
 Metaspace       used 73465K, capacity 76312K, committed 76544K, reserved 1116160K
  class space    used 9010K, capacity 9927K, committed 9984K, reserved 1048576K
Event: 51.671 GC heap after
Heap after GC invocations=34 (full 3):
 PSYoungGen      total 202752K, used 56302K [0x00000000f0000000, 0x0000000100000000, 0x0000000100000000)
  eden space 146432K, 0% used [0x00000000f0000000,0x00000000f0000000,0x00000000f8f00000)
  from space 56320K, 99% used [0x00000000f8f00000,0x00000000fc5fba98,0x00000000fc600000)
  to   space 59392K, 0% used [0x00000000fc600000,0x00000000fc600000,0x0000000100000000)
 ParOldGen       total 524288K, used 94865K [0x00000000d0000000, 0x00000000f0000000, 0x00000000f0000000)
  object space 524288K, 18% used [0x00000000d0000000,0x00000000d5ca47e0,0x00000000f0000000)
 Metaspace       used 73465K, capacity 76312K, committed 76544K, reserved 1116160K
  class space    used 9010K, capacity 9927K, committed 9984K, reserved 1048576K
}
Event: 66.880 GC heap before
{Heap before GC invocations=35 (full 3):
 PSYoungGen      total 202752K, used 202734K [0x00000000f0000000, 0x0000000100000000, 0x0000000100000000)
  eden space 146432K, 100% used [0x00000000f0000000,0x00000000f8f00000,0x00000000f8f00000)
  from space 56320K, 99% used [0x00000000f8f00000,0x00000000fc5fba98,0x00000000fc600000)
  to   space 59392K, 0% used [0x00000000fc600000,0x00000000fc600000,0x0000000100000000)
 ParOldGen       total 524288K, used 94865K [0x00000000d0000000, 0x00000000f0000000, 0x00000000f0000000)
  object space 524288K, 18% used [0x00000000d0000000,0x00000000d5ca47e0,0x00000000f0000000)
 Metaspace       used 74554K, capacity 77888K, committed 78208K, reserved 1118208K
  class space    used 9220K, capacity 10268K, committed 10368K, reserved 1048576K
Event: 66.932 GC heap after
Heap after GC invocations=35 (full 3):
 PSYoungGen      total 174080K, used 59156K [0x00000000f0000000, 0x0000000100000000, 0x0000000100000000)
  eden space 114688K, 0% used [0x00000000f0000000,0x00000000f0000000,0x00000000f7000000)
  from space 59392K, 99% used [0x00000000fc600000,0x00000000fffc5298,0x0000000100000000)
  to   space 73728K, 0% used [0x00000000f7000000,0x00000000f7000000,0x00000000fb800000)
 ParOldGen       total 524288K, used 94873K [0x00000000d0000000, 0x00000000f0000000, 0x00000000f0000000)
  object space 524288K, 18% used [0x00000000d0000000,0x00000000d5ca67e0,0x00000000f0000000)
 Metaspace       used 74554K, capacity 77888K, committed 78208K, reserved 1118208K
  class space    used 9220K, capacity 10268K, committed 10368K, reserved 1048576K
}
Event: 79.085 GC heap before
{Heap before GC invocations=36 (full 3):
 PSYoungGen      total 174080K, used 173838K [0x00000000f0000000, 0x0000000100000000, 0x0000000100000000)
  eden space 114688K, 99% used [0x00000000f0000000,0x00000000f6ffe6d8,0x00000000f7000000)
  from space 59392K, 99% used [0x00000000fc600000,0x00000000fffc5298,0x0000000100000000)
  to   space 73728K, 0% used [0x00000000f7000000,0x00000000f7000000,0x00000000fb800000)
 ParOldGen       total 524288K, used 94873K [0x00000000d0000000, 0x00000000f0000000, 0x00000000f0000000)
  object space 524288K, 18% used [0x00000000d0000000,0x00000000d5ca67e0,0x00000000f0000000)
 Metaspace       used 75183K, capacity 78886K, committed 79104K, reserved 1118208K
  class space    used 9340K, capacity 10490K, committed 10496K, reserved 1048576K
Event: 79.142 GC heap after
Heap after GC invocations=36 (full 3):
 PSYoungGen      total 176128K, used 61250K [0x00000000f0000000, 0x0000000100000000, 0x0000000100000000)
  eden space 114688K, 0% used [0x00000000f0000000,0x00000000f0000000,0x00000000f7000000)
  from space 61440K, 99% used [0x00000000f7000000,0x00000000fabd0af8,0x00000000fac00000)
  to   space 80384K, 0% used [0x00000000fb180000,0x00000000fb180000,0x0000000100000000)
 ParOldGen       total 524288K, used 94881K [0x00000000d0000000, 0x00000000f0000000, 0x00000000f0000000)
  object space 524288K, 18% used [0x00000000d0000000,0x00000000d5ca87e0,0x00000000f0000000)
 Metaspace       used 75183K, capacity 78886K, committed 79104K, reserved 1118208K
  class space    used 9340K, capacity 10490K, committed 10496K, reserved 1048576K
}
Event: 82.164 GC heap before
{Heap before GC invocations=37 (full 3):
 PSYoungGen      total 176128K, used 175938K [0x00000000f0000000, 0x0000000100000000, 0x0000000100000000)
  eden space 114688K, 100% used [0x00000000f0000000,0x00000000f7000000,0x00000000f7000000)
  from space 61440K, 99% used [0x00000000f7000000,0x00000000fabd0af8,0x00000000fac00000)
  to   space 80384K, 0% used [0x00000000fb180000,0x00000000fb180000,0x0000000100000000)
 ParOldGen       total 524288K, used 94881K [0x00000000d0000000, 0x00000000f0000000, 0x00000000f0000000)
  object space 524288K, 18% used [0x00000000d0000000,0x00000000d5ca87e0,0x00000000f0000000)
 Metaspace       used 75378K, capacity 79146K, committed 79232K, reserved 1118208K
  class space    used 9375K, capacity 10544K, committed 10624K, reserved 1048576K
Event: 82.216 GC heap after
Heap after GC invocations=37 (full 3):
 PSYoungGen      total 170496K, used 61949K [0x00000000f0000000, 0x0000000100000000, 0x0000000100000000)
  eden space 90112K, 0% used [0x00000000f0000000,0x00000000f0000000,0x00000000f5800000)
  from space 80384K, 77% used [0x00000000fb180000,0x00000000fedff758,0x0000000100000000)
  to   space 86016K, 0% used [0x00000000f5800000,0x00000000f5800000,0x00000000fac00000)
 ParOldGen       total 524288K, used 94889K [0x00000000d0000000, 0x00000000f0000000, 0x00000000f0000000)
  object space 524288K, 18% used [0x00000000d0000000,0x00000000d5caa7e0,0x00000000f0000000)
 Metaspace       used 75378K, capacity 79146K, committed 79232K, reserved 1118208K
  class space    used 9375K, capacity 10544K, committed 10624K, reserved 1048576K
}
Event: 88.172 GC heap before
{Heap before GC invocations=38 (full 3):
 PSYoungGen      total 170496K, used 152061K [0x00000000f0000000, 0x0000000100000000, 0x0000000100000000)
  eden space 90112K, 100% used [0x00000000f0000000,0x00000000f5800000,0x00000000f5800000)
  from space 80384K, 77% used [0x00000000fb180000,0x00000000fedff758,0x0000000100000000)
  to   space 86016K, 0% used [0x00000000f5800000,0x00000000f5800000,0x00000000fac00000)
 ParOldGen       total 524288K, used 94889K [0x00000000d0000000, 0x00000000f0000000, 0x00000000f0000000)
  object space 524288K, 18% used [0x00000000d0000000,0x00000000d5caa7e0,0x00000000f0000000)
 Metaspace       used 75673K, capacity 79678K, committed 79872K, reserved 1118208K
  class space    used 9444K, capacity 10645K, committed 10752K, reserved 1048576K
Event: 88.226 GC heap after
Heap after GC invocations=38 (full 3):
 PSYoungGen      total 149504K, used 58954K [0x00000000f0000000, 0x0000000100000000, 0x0000000100000000)
  eden space 90112K, 0% used [0x00000000f0000000,0x00000000f0000000,0x00000000f5800000)
  from space 59392K, 99% used [0x00000000f5800000,0x00000000f9192868,0x00000000f9200000)
  to   space 87040K, 0% used [0x00000000fab00000,0x00000000fab00000,0x0000000100000000)
 ParOldGen       total 524288K, used 99450K [0x00000000d0000000, 0x00000000f0000000, 0x00000000f0000000)
  object space 524288K, 18% used [0x00000000d0000000,0x00000000d611eac8,0x00000000f0000000)
 Metaspace       used 75673K, capacity 79678K, committed 79872K, reserved 1118208K
  class space    used 9444K, capacity 10645K, committed 10752K, reserved 1048576K
}

