# JRE version: OpenJDK Runtime Environment (8.0_222-b10) (build 1.8.0_222-8u222-b10-1ubuntu1~18.04.1-b10)
# Java VM: OpenJDK 64-Bit Server VM (25.222-b10 mixed mode linux-amd64 compressed oops)
Heap:
 PSYoungGen      total 202240K, used 118161K [0x00000000f0000000, 0x0000000100000000, 0x0000000100000000)
  eden space 142848K, 64% used [0x00000000f0000000,0x00000000f59e9eb0,0x00000000f8b80000)
  from space 59392K, 43% used [0x00000000f8b80000,0x00000000fa4fa7e0,0x00000000fc580000)
  to   space 58880K, 0% used [0x00000000fc680000,0x00000000fc680000,0x0000000100000000)
 ParOldGen       total 524288K, used 145790K [0x00000000d0000000, 0x00000000f0000000, 0x00000000f0000000)
  object space 524288K, 27% used [0x00000000d0000000,0x00000000d8e5fb80,0x00000000f0000000)
 Metaspace       used 79041K, capacity 84562K, committed 84736K, reserved 1122304K
  class space    used 10024K, capacity 11713K, committed 11776K, reserved 1048576K
GC Heap History (10 events):
Event: 594.746 GC heap before
{Heap before GC invocations=46 (full 3):
 PSYoungGen      total 197120K, used 172467K [0x00000000f0000000, 0x0000000100000000, 0x0000000100000000)
  eden space 130560K, 100% used [0x00000000f0000000,0x00000000f7f80000,0x00000000f7f80000)
  from space 66560K, 62% used [0x00000000fbf00000,0x00000000fe7ecfa0,0x0000000100000000)
  to   space 65024K, 0% used [0x00000000f7f80000,0x00000000f7f80000,0x00000000fbf00000)
 ParOldGen       total 524288K, used 128866K [0x00000000d0000000, 0x00000000f0000000, 0x00000000f0000000)
  object space 524288K, 24% used [0x00000000d0000000,0x00000000d7dd88c0,0x00000000f0000000)
 Metaspace       used 78182K, capacity 83224K, committed 83456K, reserved 1122304K
  class space    used 9904K, capacity 11401K, committed 11520K, reserved 1048576K
Event: 594.784 GC heap after
Heap after GC invocations=46 (full 3):
 PSYoungGen      total 195584K, used 36561K [0x00000000f0000000, 0x0000000100000000, 0x0000000100000000)
  eden space 130560K, 0% used [0x00000000f0000000,0x00000000f0000000,0x00000000f7f80000)
  from space 65024K, 56% used [0x00000000f7f80000,0x00000000fa334610,0x00000000fbf00000)
  to   space 62976K, 0% used [0x00000000fc280000,0x00000000fc280000,0x0000000100000000)
 ParOldGen       total 524288K, used 134369K [0x00000000d0000000, 0x00000000f0000000, 0x00000000f0000000)
  object space 524288K, 25% used [0x00000000d0000000,0x00000000d8338588,0x00000000f0000000)
 Metaspace       used 78182K, capacity 83224K, committed 83456K, reserved 1122304K
  class space    used 9904K, capacity 11401K, committed 11520K, reserved 1048576K
}
Event: 665.678 GC heap before
{Heap before GC invocations=47 (full 3):
 PSYoungGen      total 195584K, used 167104K [0x00000000f0000000, 0x0000000100000000, 0x0000000100000000)
  eden space 130560K, 99% used [0x00000000f0000000,0x00000000f7f7bd08,0x00000000f7f80000)
  from space 65024K, 56% used [0x00000000f7f80000,0x00000000fa334610,0x00000000fbf00000)
  to   space 62976K, 0% used [0x00000000fc280000,0x00000000fc280000,0x0000000100000000)
 ParOldGen       total 524288K, used 134369K [0x00000000d0000000, 0x00000000f0000000, 0x00000000f0000000)
  object space 524288K, 25% used [0x00000000d0000000,0x00000000d8338588,0x00000000f0000000)
 Metaspace       used 78328K, capacity 83500K, committed 83712K, reserved 1122304K
  class space    used 9933K, capacity 11487K, committed 11520K, reserved 1048576K
Event: 665.722 GC heap after
Heap after GC invocations=47 (full 3):
 PSYoungGen      total 201216K, used 34837K [0x00000000f0000000, 0x0000000100000000, 0x0000000100000000)
  eden space 138240K, 0% used [0x00000000f0000000,0x00000000f0000000,0x00000000f8700000)
  from space 62976K, 55% used [0x00000000fc280000,0x00000000fe4854c0,0x0000000100000000)
  to   space 60928K, 0% used [0x00000000f8700000,0x00000000f8700000,0x00000000fc280000)
 ParOldGen       total 524288K, used 136788K [0x00000000d0000000, 0x00000000f0000000, 0x00000000f0000000)
  object space 524288K, 26% used [0x00000000d0000000,0x00000000d8595158,0x00000000f0000000)
 Metaspace       used 78328K, capacity 83500K, committed 83712K, reserved 1122304K
  class space    used 9933K, capacity 11487K, committed 11520K, reserved 1048576K
}
Event: 698.841 GC heap before
{Heap before GC invocations=48 (full 3):
 PSYoungGen      total 201216K, used 172935K [0x00000000f0000000, 0x0000000100000000, 0x0000000100000000)
  eden space 138240K, 99% used [0x00000000f0000000,0x00000000f86dc888,0x00000000f8700000)
  from space 62976K, 55% used [0x00000000fc280000,0x00000000fe4854c0,0x0000000100000000)
  to   space 60928K, 0% used [0x00000000f8700000,0x00000000f8700000,0x00000000fc280000)
 ParOldGen       total 524288K, used 136788K [0x00000000d0000000, 0x00000000f0000000, 0x00000000f0000000)
  object space 524288K, 26% used [0x00000000d0000000,0x00000000d8595158,0x00000000f0000000)
 Metaspace       used 78463K, capacity 83776K, committed 84096K, reserved 1122304K
  class space    used 9962K, capacity 11573K, committed 11648K, reserved 1048576K
Event: 698.871 GC heap after
Heap after GC invocations=48 (full 3):
 PSYoungGen      total 199168K, used 31273K [0x00000000f0000000, 0x0000000100000000, 0x0000000100000000)
  eden space 138240K, 0% used [0x00000000f0000000,0x00000000f0000000,0x00000000f8700000)
  from space 60928K, 51% used [0x00000000f8700000,0x00000000fa58a7f0,0x00000000fc280000)
  to   space 59904K, 0% used [0x00000000fc580000,0x00000000fc580000,0x0000000100000000)
 ParOldGen       total 524288K, used 140737K [0x00000000d0000000, 0x00000000f0000000, 0x00000000f0000000)
  object space 524288K, 26% used [0x00000000d0000000,0x00000000d89706e0,0x00000000f0000000)
 Metaspace       used 78463K, capacity 83776K, committed 84096K, reserved 1122304K
  class space    used 9962K, capacity 11573K, committed 11648K, reserved 1048576K
}
Event: 955.561 GC heap before
{Heap before GC invocations=49 (full 3):
 PSYoungGen      total 199168K, used 169513K [0x00000000f0000000, 0x0000000100000000, 0x0000000100000000)
  eden space 138240K, 100% used [0x00000000f0000000,0x00000000f8700000,0x00000000f8700000)
  from space 60928K, 51% used [0x00000000f8700000,0x00000000fa58a7f0,0x00000000fc280000)
  to   space 59904K, 0% used [0x00000000fc580000,0x00000000fc580000,0x0000000100000000)
 ParOldGen       total 524288K, used 140737K [0x00000000d0000000, 0x00000000f0000000, 0x00000000f0000000)
  object space 524288K, 26% used [0x00000000d0000000,0x00000000d89706e0,0x00000000f0000000)
 Metaspace       used 78569K, capacity 84006K, committed 84096K, reserved 1122304K
  class space    used 9984K, capacity 11623K, committed 11648K, reserved 1048576K
Event: 955.589 GC heap after
Heap after GC invocations=49 (full 3):
 PSYoungGen      total 202752K, used 28529K [0x00000000f0000000, 0x0000000100000000, 0x0000000100000000)
  eden space 142848K, 0% used [0x00000000f0000000,0x00000000f0000000,0x00000000f8b80000)
  from space 59904K, 47% used [0x00000000fc580000,0x00000000fe15c638,0x0000000100000000)
  to   space 59392K, 0% used [0x00000000f8b80000,0x00000000f8b80000,0x00000000fc580000)
 ParOldGen       total 524288K, used 143772K [0x00000000d0000000, 0x00000000f0000000, 0x00000000f0000000)
  object space 524288K, 27% used [0x00000000d0000000,0x00000000d8c673d8,0x00000000f0000000)
 Metaspace       used 78569K, capacity 84006K, committed 84096K, reserved 1122304K
  class space    used 9984K, capacity 11623K, committed 11648K, reserved 1048576K
}
Event: 2606.350 GC heap before
{Heap before GC invocations=50 (full 3):
 PSYoungGen      total 202752K, used 171377K [0x00000000f0000000, 0x0000000100000000, 0x0000000100000000)
  eden space 142848K, 100% used [0x00000000f0000000,0x00000000f8b80000,0x00000000f8b80000)
  from space 59904K, 47% used [0x00000000fc580000,0x00000000fe15c638,0x0000000100000000)
  to   space 59392K, 0% used [0x00000000f8b80000,0x00000000f8b80000,0x00000000fc580000)
 ParOldGen       total 524288K, used 143772K [0x00000000d0000000, 0x00000000f0000000, 0x00000000f0000000)
  object space 524288K, 27% used [0x00000000d0000000,0x00000000d8c673d8,0x00000000f0000000)
 Metaspace       used 78778K, capacity 84312K, committed 84480K, reserved 1122304K
  class space    used 10007K, capacity 11701K, committed 11776K, reserved 1048576K
Event: 2606.378 GC heap after
Heap after GC invocations=50 (full 3):
 PSYoungGen      total 202240K, used 26089K [0x00000000f0000000, 0x0000000100000000, 0x0000000100000000)
  eden space 142848K, 0% used [0x00000000f0000000,0x00000000f0000000,0x00000000f8b80000)
  from space 59392K, 43% used [0x00000000f8b80000,0x00000000fa4fa7e0,0x00000000fc580000)
  to   space 58880K, 0% used [0x00000000fc680000,0x00000000fc680000,0x0000000100000000)
 ParOldGen       total 524288K, used 145790K [0x00000000d0000000, 0x00000000f0000000, 0x00000000f0000000)
  object space 524288K, 27% used [0x00000000d0000000,0x00000000d8e5fb80,0x00000000f0000000)
 Metaspace       used 78778K, capacity 84312K, committed 84480K, reserved 1122304K
  class space    used 10007K, capacity 11701K, committed 11776K, reserved 1048576K
}

