# JRE version: OpenJDK Runtime Environment (8.0_222-b10) (build 1.8.0_222-8u222-b10-1ubuntu1~18.04.1-b10)
# Java VM: OpenJDK 64-Bit Server VM (25.222-b10 mixed mode linux-amd64 compressed oops)
Heap:
 PSYoungGen      total 208896K, used 64016K [0x00000000f0000000, 0x0000000100000000, 0x0000000100000000)
  eden space 158208K, 28% used [0x00000000f0000000,0x00000000f2cb1358,0x00000000f9a80000)
  from space 50688K, 36% used [0x00000000f9a80000,0x00000000fac52db0,0x00000000fcc00000)
  to   space 47616K, 0% used [0x00000000fd180000,0x00000000fd180000,0x0000000100000000)
 ParOldGen       total 524288K, used 135827K [0x00000000d0000000, 0x00000000f0000000, 0x00000000f0000000)
  object space 524288K, 25% used [0x00000000d0000000,0x00000000d84a4e38,0x00000000f0000000)
 Metaspace       used 77472K, capacity 82512K, committed 82816K, reserved 1120256K
  class space    used 9726K, capacity 11052K, committed 11136K, reserved 1048576K
GC Heap History (10 events):
Event: 9116.452 GC heap before
{Heap before GC invocations=50 (full 3):
 PSYoungGen      total 204288K, used 151704K [0x00000000f0000000, 0x0000000100000000, 0x0000000100000000)
  eden space 146432K, 100% used [0x00000000f0000000,0x00000000f8f00000,0x00000000f8f00000)
  from space 57856K, 9% used [0x00000000fc780000,0x00000000fcca61a8,0x0000000100000000)
  to   space 57856K, 0% used [0x00000000f8f00000,0x00000000f8f00000,0x00000000fc780000)
 ParOldGen       total 524288K, used 132676K [0x00000000d0000000, 0x00000000f0000000, 0x00000000f0000000)
  object space 524288K, 25% used [0x00000000d0000000,0x00000000d8191300,0x00000000f0000000)
 Metaspace       used 75677K, capacity 80416K, committed 80512K, reserved 1118208K
  class space    used 9540K, capacity 10818K, committed 10880K, reserved 1048576K
Event: 9116.460 GC heap after
Heap after GC invocations=50 (full 3):
 PSYoungGen      total 204288K, used 4054K [0x00000000f0000000, 0x0000000100000000, 0x0000000100000000)
  eden space 146432K, 0% used [0x00000000f0000000,0x00000000f0000000,0x00000000f8f00000)
  from space 57856K, 7% used [0x00000000f8f00000,0x00000000f92f5b78,0x00000000fc780000)
  to   space 57856K, 0% used [0x00000000fc780000,0x00000000fc780000,0x0000000100000000)
 ParOldGen       total 524288K, used 134322K [0x00000000d0000000, 0x00000000f0000000, 0x00000000f0000000)
  object space 524288K, 25% used [0x00000000d0000000,0x00000000d832c960,0x00000000f0000000)
 Metaspace       used 75677K, capacity 80416K, committed 80512K, reserved 1118208K
  class space    used 9540K, capacity 10818K, committed 10880K, reserved 1048576K
}
Event: 9334.706 GC heap before
{Heap before GC invocations=51 (full 3):
 PSYoungGen      total 204288K, used 150486K [0x00000000f0000000, 0x0000000100000000, 0x0000000100000000)
  eden space 146432K, 100% used [0x00000000f0000000,0x00000000f8f00000,0x00000000f8f00000)
  from space 57856K, 7% used [0x00000000f8f00000,0x00000000f92f5b78,0x00000000fc780000)
  to   space 57856K, 0% used [0x00000000fc780000,0x00000000fc780000,0x0000000100000000)
 ParOldGen       total 524288K, used 134322K [0x00000000d0000000, 0x00000000f0000000, 0x00000000f0000000)
  object space 524288K, 25% used [0x00000000d0000000,0x00000000d832c960,0x00000000f0000000)
 Metaspace       used 76542K, capacity 81348K, committed 81664K, reserved 1120256K
  class space    used 9625K, capacity 10934K, committed 11008K, reserved 1048576K
Event: 9334.717 GC heap after
Heap after GC invocations=51 (full 3):
 PSYoungGen      total 205824K, used 7696K [0x00000000f0000000, 0x0000000100000000, 0x0000000100000000)
  eden space 147968K, 0% used [0x00000000f0000000,0x00000000f0000000,0x00000000f9080000)
  from space 57856K, 13% used [0x00000000fc780000,0x00000000fcf042e8,0x0000000100000000)
  to   space 56320K, 0% used [0x00000000f9080000,0x00000000f9080000,0x00000000fc780000)
 ParOldGen       total 524288K, used 135475K [0x00000000d0000000, 0x00000000f0000000, 0x00000000f0000000)
  object space 524288K, 25% used [0x00000000d0000000,0x00000000d844ce28,0x00000000f0000000)
 Metaspace       used 76542K, capacity 81348K, committed 81664K, reserved 1120256K
  class space    used 9625K, capacity 10934K, committed 11008K, reserved 1048576K
}
Event: 9415.927 GC heap before
{Heap before GC invocations=52 (full 3):
 PSYoungGen      total 205824K, used 155664K [0x00000000f0000000, 0x0000000100000000, 0x0000000100000000)
  eden space 147968K, 100% used [0x00000000f0000000,0x00000000f9080000,0x00000000f9080000)
  from space 57856K, 13% used [0x00000000fc780000,0x00000000fcf042e8,0x0000000100000000)
  to   space 56320K, 0% used [0x00000000f9080000,0x00000000f9080000,0x00000000fc780000)
 ParOldGen       total 524288K, used 135475K [0x00000000d0000000, 0x00000000f0000000, 0x00000000f0000000)
  object space 524288K, 25% used [0x00000000d0000000,0x00000000d844ce28,0x00000000f0000000)
 Metaspace       used 76813K, capacity 81698K, committed 82048K, reserved 1120256K
  class space    used 9678K, capacity 11019K, committed 11136K, reserved 1048576K
Event: 9415.942 GC heap after
Heap after GC invocations=52 (full 3):
 PSYoungGen      total 204288K, used 14611K [0x00000000f0000000, 0x0000000100000000, 0x0000000100000000)
  eden space 147968K, 0% used [0x00000000f0000000,0x00000000f0000000,0x00000000f9080000)
  from space 56320K, 25% used [0x00000000f9080000,0x00000000f9ec4df0,0x00000000fc780000)
  to   space 53248K, 0% used [0x00000000fcc00000,0x00000000fcc00000,0x0000000100000000)
 ParOldGen       total 524288K, used 135603K [0x00000000d0000000, 0x00000000f0000000, 0x00000000f0000000)
  object space 524288K, 25% used [0x00000000d0000000,0x00000000d846ce38,0x00000000f0000000)
 Metaspace       used 76813K, capacity 81698K, committed 82048K, reserved 1120256K
  class space    used 9678K, capacity 11019K, committed 11136K, reserved 1048576K
}
Event: 9455.774 GC heap before
{Heap before GC invocations=53 (full 3):
 PSYoungGen      total 204288K, used 162579K [0x00000000f0000000, 0x0000000100000000, 0x0000000100000000)
  eden space 147968K, 100% used [0x00000000f0000000,0x00000000f9080000,0x00000000f9080000)
  from space 56320K, 25% used [0x00000000f9080000,0x00000000f9ec4df0,0x00000000fc780000)
  to   space 53248K, 0% used [0x00000000fcc00000,0x00000000fcc00000,0x0000000100000000)
 ParOldGen       total 524288K, used 135603K [0x00000000d0000000, 0x00000000f0000000, 0x00000000f0000000)
  object space 524288K, 25% used [0x00000000d0000000,0x00000000d846ce38,0x00000000f0000000)
 Metaspace       used 77395K, capacity 82348K, committed 82560K, reserved 1120256K
  class space    used 9713K, capacity 11033K, committed 11136K, reserved 1048576K
Event: 9455.797 GC heap after
Heap after GC invocations=53 (full 3):
 PSYoungGen      total 211456K, used 16995K [0x00000000f0000000, 0x0000000100000000, 0x0000000100000000)
  eden space 158208K, 0% used [0x00000000f0000000,0x00000000f0000000,0x00000000f9a80000)
  from space 53248K, 31% used [0x00000000fcc00000,0x00000000fdc98f58,0x0000000100000000)
  to   space 50688K, 0% used [0x00000000f9a80000,0x00000000f9a80000,0x00000000fcc00000)
 ParOldGen       total 524288K, used 135691K [0x00000000d0000000, 0x00000000f0000000, 0x00000000f0000000)
  object space 524288K, 25% used [0x00000000d0000000,0x00000000d8482e38,0x00000000f0000000)
 Metaspace       used 77395K, capacity 82348K, committed 82560K, reserved 1120256K
  class space    used 9713K, capacity 11033K, committed 11136K, reserved 1048576K
}
Event: 10561.739 GC heap before
{Heap before GC invocations=54 (full 3):
 PSYoungGen      total 211456K, used 175203K [0x00000000f0000000, 0x0000000100000000, 0x0000000100000000)
  eden space 158208K, 100% used [0x00000000f0000000,0x00000000f9a80000,0x00000000f9a80000)
  from space 53248K, 31% used [0x00000000fcc00000,0x00000000fdc98f58,0x0000000100000000)
  to   space 50688K, 0% used [0x00000000f9a80000,0x00000000f9a80000,0x00000000fcc00000)
 ParOldGen       total 524288K, used 135691K [0x00000000d0000000, 0x00000000f0000000, 0x00000000f0000000)
  object space 524288K, 25% used [0x00000000d0000000,0x00000000d8482e38,0x00000000f0000000)
 Metaspace       used 77455K, capacity 82500K, committed 82816K, reserved 1120256K
  class space    used 9725K, capacity 11050K, committed 11136K, reserved 1048576K
Event: 10561.756 GC heap after
Heap after GC invocations=54 (full 3):
 PSYoungGen      total 208896K, used 18251K [0x00000000f0000000, 0x0000000100000000, 0x0000000100000000)
  eden space 158208K, 0% used [0x00000000f0000000,0x00000000f0000000,0x00000000f9a80000)
  from space 50688K, 36% used [0x00000000f9a80000,0x00000000fac52db0,0x00000000fcc00000)
  to   space 47616K, 0% used [0x00000000fd180000,0x00000000fd180000,0x0000000100000000)
 ParOldGen       total 524288K, used 135827K [0x00000000d0000000, 0x00000000f0000000, 0x00000000f0000000)
  object space 524288K, 25% used [0x00000000d0000000,0x00000000d84a4e38,0x00000000f0000000)
 Metaspace       used 77455K, capacity 82500K, committed 82816K, reserved 1120256K
  class space    used 9725K, capacity 11050K, committed 11136K, reserved 1048576K
}

